c:\users\ציפורה לנדא\documents\לימודים כיתה ו\c++\הגשות\פרק 4\chpater4\chpater4\debug\vc143.pdb
c:\users\ציפורה לנדא\documents\לימודים כיתה ו\c++\הגשות\פרק 4\chpater4\chpater4\debug\vc143.idb
c:\users\ציפורה לנדא\documents\לימודים כיתה ו\c++\הגשות\פרק 4\chpater4\chpater4\debug\shape.obj
c:\users\ציפורה לנדא\documents\לימודים כיתה ו\c++\הגשות\פרק 4\chpater4\chpater4\debug\point.obj
c:\users\ציפורה לנדא\documents\לימודים כיתה ו\c++\הגשות\פרק 4\chpater4\chpater4\debug\circle.obj
c:\users\ציפורה לנדא\documents\לימודים כיתה ו\c++\הגשות\פרק 4\chpater4\chpater4\debug\chpater4.obj
c:\users\ציפורה לנדא\documents\לימודים כיתה ו\c++\הגשות\פרק 4\chpater4\chpater4\debug\triangle.obj
c:\users\ציפורה לנדא\documents\לימודים כיתה ו\c++\הגשות\פרק 4\chpater4\chpater4\debug\rectangle.obj
c:\users\ציפורה לנדא\documents\לימודים כיתה ו\c++\הגשות\פרק 4\chpater4\chpater4\debug\chpater4.ilk
c:\users\ציפורה לנדא\documents\לימודים כיתה ו\c++\הגשות\פרק 4\chpater4\debug\chpater4.exe
c:\users\ציפורה לנדא\documents\לימודים כיתה ו\c++\הגשות\פרק 4\chpater4\debug\chpater4.pdb
c:\users\ציפורה לנדא\documents\לימודים כיתה ו\c++\הגשות\פרק 4\chpater4\chpater4\debug\chpater4.tlog\cl.command.1.tlog
c:\users\ציפורה לנדא\documents\לימודים כיתה ו\c++\הגשות\פרק 4\chpater4\chpater4\debug\chpater4.tlog\cl.items.tlog
c:\users\ציפורה לנדא\documents\לימודים כיתה ו\c++\הגשות\פרק 4\chpater4\chpater4\debug\chpater4.tlog\cl.read.1.tlog
c:\users\ציפורה לנדא\documents\לימודים כיתה ו\c++\הגשות\פרק 4\chpater4\chpater4\debug\chpater4.tlog\cl.write.1.tlog
c:\users\ציפורה לנדא\documents\לימודים כיתה ו\c++\הגשות\פרק 4\chpater4\chpater4\debug\chpater4.tlog\link.13572-cvtres.read.1.tlog
c:\users\ציפורה לנדא\documents\לימודים כיתה ו\c++\הגשות\פרק 4\chpater4\chpater4\debug\chpater4.tlog\link.13572-cvtres.write.1.tlog
c:\users\ציפורה לנדא\documents\לימודים כיתה ו\c++\הגשות\פרק 4\chpater4\chpater4\debug\chpater4.tlog\link.13572-rc.read.1.tlog
c:\users\ציפורה לנדא\documents\לימודים כיתה ו\c++\הגשות\פרק 4\chpater4\chpater4\debug\chpater4.tlog\link.13572-rc.write.1.tlog
c:\users\ציפורה לנדא\documents\לימודים כיתה ו\c++\הגשות\פרק 4\chpater4\chpater4\debug\chpater4.tlog\link.13572.read.1.tlog
c:\users\ציפורה לנדא\documents\לימודים כיתה ו\c++\הגשות\פרק 4\chpater4\chpater4\debug\chpater4.tlog\link.13572.write.1.tlog
c:\users\ציפורה לנדא\documents\לימודים כיתה ו\c++\הגשות\פרק 4\chpater4\chpater4\debug\chpater4.tlog\link.command.1.tlog
c:\users\ציפורה לנדא\documents\לימודים כיתה ו\c++\הגשות\פרק 4\chpater4\chpater4\debug\chpater4.tlog\link.read.1.tlog
c:\users\ציפורה לנדא\documents\לימודים כיתה ו\c++\הגשות\פרק 4\chpater4\chpater4\debug\chpater4.tlog\link.write.1.tlog
